#
# There is insufficient memory for the Java Runtime Environment to continue.
# Native memory allocation (mmap) failed to map 268435456 bytes for G1 virtual space
# Possible reasons:
#   The system is out of physical RAM or swap space
#   The process is running with CompressedOops enabled, and the Java Heap may be blocking the growth of the native heap
# Possible solutions:
#   Reduce memory load on the system
#   Increase physical memory or swap space
#   Check if swap backing store is full
#   Decrease Java heap size (-Xmx/-Xms)
#   Decrease number of Java threads
#   Decrease Java thread stack sizes (-Xss)
#   Set larger code cache with -XX:ReservedCodeCacheSize=
#   JVM is running with Zero Based Compressed Oops mode in which the Java heap is
#     placed in the first 32GB address space. The Java Heap base address is the
#     maximum limit for the native heap growth. Please use -XX:HeapBaseMinAddress
#     to set the Java Heap base and to place the Java Heap above 32GB virtual address.
# This output file may be truncated or incomplete.
#
#  Out of Memory Error (os_windows.cpp:3527), pid=11952, tid=28744
#
# JRE version:  (19.0.1+10) (build )
# Java VM: Java HotSpot(TM) 64-Bit Server VM (19.0.1+10-21, mixed mode, sharing, tiered, compressed oops, compressed class ptrs, g1 gc, windows-amd64)
# No core dump will be written. Minidumps are not enabled by default on client versions of Windows
#

---------------  S U M M A R Y ------------

Command Line: -Dfile.encoding=UTF-8 homework.Homework

Host: Intel(R) Core(TM) i7-7700HQ CPU @ 2.80GHz, 8 cores, 15G,  Windows 10 , 64 bit Build 19041 (10.0.19041.3636)
Time: Sat Jun  8 14:09:44 2024 Turkey Standard Time elapsed time: 0.018367 seconds (0d 0h 0m 0s)

---------------  T H R E A D  ---------------

Current thread (0x000001927f0b1c70):  JavaThread "Unknown thread" [_thread_in_vm, id=28744, stack(0x0000009138600000,0x0000009138700000)]

Stack: [0x0000009138600000,0x0000009138700000]
Native frames: (J=compiled Java code, j=interpreted, Vv=VM code, C=native code)
V  [jvm.dll+0x6ee8fa]
V  [jvm.dll+0x857a1e]
V  [jvm.dll+0x85940e]
V  [jvm.dll+0x859ac3]
V  [jvm.dll+0x28291f]
V  [jvm.dll+0x6eb6e9]
V  [jvm.dll+0x6e028a]
V  [jvm.dll+0x357136]
V  [jvm.dll+0x35eb96]
V  [jvm.dll+0x3b555e]
V  [jvm.dll+0x3b578f]
V  [jvm.dll+0x32c6ea]
V  [jvm.dll+0x32d59e]
V  [jvm.dll+0x821b20]
V  [jvm.dll+0x3c27c1]
V  [jvm.dll+0x8022f1]
V  [jvm.dll+0x44b30f]
V  [jvm.dll+0x44cc91]
C  [jli.dll+0x5287]
C  [ucrtbase.dll+0x21bb2]
C  [KERNEL32.DLL+0x17344]
C  [ntdll.dll+0x526b1]


---------------  P R O C E S S  ---------------

Threads class SMR info:
_java_thread_list=0x00007ffc3220d048, length=0, elements={
}

Java Threads: ( => current thread )

Other Threads:
  0x000001927f121c70 WorkerThread "GC Thread#0" [stack: 0x0000009138700000,0x0000009138800000] [id=21396]
  0x000001927f133940 ConcurrentGCThread "G1 Main Marker" [stack: 0x0000009138800000,0x0000009138900000] [id=28976]
  0x000001927f134280 WorkerThread "G1 Conc#0" [stack: 0x0000009138900000,0x0000009138a00000] [id=28680]

[error occurred during error reporting (printing all threads), id 0xc0000005, EXCEPTION_ACCESS_VIOLATION (0xc0000005) at pc=0x00007ffc319cd127]

VM state: not at safepoint (not fully initialized)

VM Mutex/Monitor currently owned by a thread:  ([mutex/lock_event])
[0x000001927f0ac3f0] Heap_lock - owner thread: 0x000001927f0b1c70

Heap address: 0x0000000701a00000, size: 4070 MB, Compressed Oops mode: Zero based, Oop shift amount: 3

CDS archive(s) mapped at: [0x0000000000000000-0x0000000000000000-0x0000000000000000), size 0, SharedBaseAddress: 0x0000000800000000, ArchiveRelocationMode: 0.
Narrow klass base: 0x0000000000000000, Narrow klass shift: 0, Narrow klass range: 0x0

GC Precious Log:
 CardTable entry size: 512
 Card Set container configuration: InlinePtr #cards 4 size 8 Array Of Cards #cards 16 size 48 Howl #buckets 8 coarsen threshold 3686 Howl Bitmap #cards 512 size 80 coarsen threshold 460 Card regions per heap region 1 cards per card region 4096

Heap:
 garbage-first heap   total 0K, used 0K [0x0000000701a00000, 0x0000000800000000)
  region size 2048K, 0 young (0K), 0 survivors (0K)

[error occurred during error reporting (printing heap information), id 0xc0000005, EXCEPTION_ACCESS_VIOLATION (0xc0000005) at pc=0x00007ffc31dd6959]

GC Heap History (0 events):
No events

Dll operation events (1 events):
Event: 0.013 Loaded shared library C:\Program Files\Java\jdk-19\bin\java.dll

Deoptimization events (0 events):
No events

Classes loaded (0 events):
No events

Classes unloaded (0 events):
No events

Classes redefined (0 events):
No events

Internal exceptions (0 events):
No events

VM Operations (0 events):
No events

Events (0 events):
No events


Dynamic libraries:
0x00007ff6fbf90000 - 0x00007ff6fbfa0000 	C:\Program Files\Java\jdk-19\bin\java.exe
0x00007ffc83770000 - 0x00007ffc83968000 	C:\WINDOWS\SYSTEM32\ntdll.dll
0x00007ffc83240000 - 0x00007ffc832fd000 	C:\WINDOWS\System32\KERNEL32.DLL
0x00007ffc80ed0000 - 0x00007ffc811c6000 	C:\WINDOWS\System32\KERNELBASE.dll
0x00007ffc816c0000 - 0x00007ffc817c0000 	C:\WINDOWS\System32\ucrtbase.dll
0x00007ffc77b80000 - 0x00007ffc77b9b000 	C:\Program Files\Java\jdk-19\bin\VCRUNTIME140.dll
0x00007ffc72410000 - 0x00007ffc72428000 	C:\Program Files\Java\jdk-19\bin\jli.dll
0x00007ffc828d0000 - 0x00007ffc82983000 	C:\WINDOWS\System32\ADVAPI32.dll
0x00007ffc83060000 - 0x00007ffc830fe000 	C:\WINDOWS\System32\msvcrt.dll
0x00007ffc81850000 - 0x00007ffc818ef000 	C:\WINDOWS\System32\sechost.dll
0x00007ffc82d30000 - 0x00007ffc82e56000 	C:\WINDOWS\System32\RPCRT4.dll
0x00007ffc81690000 - 0x00007ffc816b7000 	C:\WINDOWS\System32\bcrypt.dll
0x00007ffc82e60000 - 0x00007ffc82ffe000 	C:\WINDOWS\System32\USER32.dll
0x00007ffc81500000 - 0x00007ffc81522000 	C:\WINDOWS\System32\win32u.dll
0x00007ffc6f820000 - 0x00007ffc6faba000 	C:\WINDOWS\WinSxS\amd64_microsoft.windows.common-controls_6595b64144ccf1df_6.0.19041.3636_none_60b6a03d71f818d5\COMCTL32.dll
0x00007ffc83700000 - 0x00007ffc8372c000 	C:\WINDOWS\System32\GDI32.dll
0x00007ffc811d0000 - 0x00007ffc812ea000 	C:\WINDOWS\System32\gdi32full.dll
0x00007ffc81530000 - 0x00007ffc815cd000 	C:\WINDOWS\System32\msvcp_win.dll
0x00007ffc76e90000 - 0x00007ffc76e9a000 	C:\WINDOWS\SYSTEM32\VERSION.dll
0x00007ffc82990000 - 0x00007ffc829c0000 	C:\WINDOWS\System32\IMM32.DLL
0x00007ffc704a0000 - 0x00007ffc704ac000 	C:\Program Files\Java\jdk-19\bin\vcruntime140_1.dll
0x00007ffc4fac0000 - 0x00007ffc4fb4e000 	C:\Program Files\Java\jdk-19\bin\msvcp140.dll
0x00007ffc31690000 - 0x00007ffc32350000 	C:\Program Files\Java\jdk-19\bin\server\jvm.dll
0x00007ffc7b710000 - 0x00007ffc7b719000 	C:\WINDOWS\SYSTEM32\WSOCK32.dll
0x00007ffc6fc70000 - 0x00007ffc6fc97000 	C:\WINDOWS\SYSTEM32\WINMM.dll
0x00007ffc831d0000 - 0x00007ffc8323b000 	C:\WINDOWS\System32\WS2_32.dll
0x00007ffc7ecf0000 - 0x00007ffc7ed02000 	C:\WINDOWS\SYSTEM32\kernel.appcore.dll
0x00007ffc70490000 - 0x00007ffc7049a000 	C:\Program Files\Java\jdk-19\bin\jimage.dll
0x00007ffc6c3d0000 - 0x00007ffc6c5b4000 	C:\WINDOWS\SYSTEM32\DBGHELP.DLL
0x00007ffc6c2c0000 - 0x00007ffc6c2f4000 	C:\WINDOWS\SYSTEM32\dbgcore.DLL
0x00007ffc80e40000 - 0x00007ffc80ec2000 	C:\WINDOWS\System32\bcryptPrimitives.dll
0x00007ffc52d70000 - 0x00007ffc52d96000 	C:\Program Files\Java\jdk-19\bin\java.dll

dbghelp: loaded successfully - version: 4.0.5 - missing functions: none
symbol engine: initialized successfully - sym options: 0x614 - pdb path: .;C:\Program Files\Java\jdk-19\bin;C:\WINDOWS\SYSTEM32;C:\WINDOWS\WinSxS\amd64_microsoft.windows.common-controls_6595b64144ccf1df_6.0.19041.3636_none_60b6a03d71f818d5;C:\Program Files\Java\jdk-19\bin\server

VM Arguments:
jvm_args: -Dfile.encoding=UTF-8 
java_command: homework.Homework
java_class_path (initial): C:\Users\Moh\Desktop\HosptalMangementSystem\build\classes
Launcher Type: SUN_STANDARD

[Global flags]
     intx CICompilerCount                          = 4                                         {product} {ergonomic}
     uint ConcGCThreads                            = 2                                         {product} {ergonomic}
     uint G1ConcRefinementThreads                  = 8                                         {product} {ergonomic}
   size_t G1HeapRegionSize                         = 2097152                                   {product} {ergonomic}
    uintx GCDrainStackTargetSize                   = 64                                        {product} {ergonomic}
   size_t InitialHeapSize                          = 268435456                                 {product} {ergonomic}
   size_t MarkStackSize                            = 4194304                                   {product} {ergonomic}
   size_t MaxHeapSize                              = 4267704320                                {product} {ergonomic}
   size_t MinHeapDeltaBytes                        = 2097152                                   {product} {ergonomic}
   size_t MinHeapSize                              = 8388608                                   {product} {ergonomic}
    uintx NonNMethodCodeHeapSize                   = 5839372                                {pd product} {ergonomic}
    uintx NonProfiledCodeHeapSize                  = 122909434                              {pd product} {ergonomic}
    uintx ProfiledCodeHeapSize                     = 122909434                              {pd product} {ergonomic}
    uintx ReservedCodeCacheSize                    = 251658240                              {pd product} {ergonomic}
     bool SegmentedCodeCache                       = true                                      {product} {ergonomic}
   size_t SoftMaxHeapSize                          = 4267704320                             {manageable} {ergonomic}
     bool UseCompressedClassPointers               = true                           {product lp64_product} {ergonomic}
     bool UseCompressedOops                        = true                           {product lp64_product} {ergonomic}
     bool UseG1GC                                  = true                                      {product} {ergonomic}
     bool UseLargePagesIndividualAllocation        = false                                  {pd product} {ergonomic}

Logging:
Log output configuration:
 #0: stdout all=warning uptime,level,tags foldmultilines=false
 #1: stderr all=off uptime,level,tags foldmultilines=false

Environment Variables:
PATH=C:\Program Files\Common Files\Oracle\Java\javapath;C:\Program Files (x86)\Common Files\Oracle\Java\javapath;C:\Program Files (x86)\Intel\iCLS Client\;C:\Program Files\Intel\iCLS Client\;C:\Windows\system32;C:\Windows;C:\Windows\System32\Wbem;C:\Windows\System32\WindowsPowerShell\v1.0\;C:\Windows\System32\OpenSSH\;C:\Program Files (x86)\NVIDIA Corporation\PhysX\Common;C:\Program Files (x86)\Intel\Intel(R) Management Engine Components\DAL;C:\Program Files\Intel\Intel(R) Management Engine Components\DAL;C:\Program Files (x86)\Intel\Intel(R) Management Engine Components\IPT;C:\Program Files\Intel\Intel(R) Management Engine Components\IPT;C:\Program Files\Common Files\Autodesk Shared\;C:\Program Files (x86)\Autodesk\Backburner\;C:\Program Files\Microsoft SQL Server\120\Tools\Binn\;C:\WINDOWS\system32;C:\WINDOWS;C:\WINDOWS\System32\Wbem;C:\WINDOWS\System32\WindowsPowerShell\v1.0\;C:\WINDOWS\System32\OpenSSH\;C:\Program Files\NVIDIA Corporation\NVIDIA NvDLISR;C:\Users\Moh\AppData\Local\Microsoft\WindowsApps;;D:\Microsoft VS Code\bin
USERNAME=Moh
OS=Windows_NT
PROCESSOR_IDENTIFIER=Intel64 Family 6 Model 158 Stepping 9, GenuineIntel
TMP=C:\Users\Moh\AppData\Local\Temp
TEMP=C:\Users\Moh\AppData\Local\Temp



---------------  S Y S T E M  ---------------

OS:
 Windows 10 , 64 bit Build 19041 (10.0.19041.3636)
OS uptime: 54 days 18:06 hours

CPU: total 8 (initial active 8) (4 cores per cpu, 2 threads per core) family 6 model 158 stepping 9 microcode 0xb4, cx8, cmov, fxsr, ht, mmx, 3dnowpref, sse, sse2, sse3, ssse3, sse4.1, sse4.2, popcnt, lzcnt, tsc, tscinvbit, avx, avx2, aes, erms, clmul, bmi1, bmi2, adx, fma, vzeroupper, clflush, clflushopt, rdtscp

Memory: 4k page, system-wide physical 16276M (8815M free)
TotalPageFile size 22406M (AvailPageFile size 134M)
current process WorkingSet (physical memory assigned to process): 10M, peak: 10M
current process commit charge ("private bytes"): 60M, peak: 316M

vm_info: Java HotSpot(TM) 64-Bit Server VM (19.0.1+10-21) for windows-amd64 JRE (19.0.1+10-21), built on 2022-09-14T12:45:06Z by "mach5one" with MS VC++ 17.1 (VS2022)

END.
